assign1.obj : error LNK2019: 无法解析的外部符号 __imp___glutInitWithExit，该符号在函数 glutInit_ATEXIT_HACK 中被引用
assign1.obj : error LNK2019: 无法解析的外部符号 __imp_glutInitDisplayMode，该符号在函数 main 中被引用
assign1.obj : error LNK2019: 无法解析的外部符号 __imp_glutInitWindowPosition，该符号在函数 main 中被引用
assign1.obj : error LNK2019: 无法解析的外部符号 __imp_glutInitWindowSize，该符号在函数 main 中被引用
assign1.obj : error LNK2019: 无法解析的外部符号 __imp_glutMainLoop，该符号在函数 main 中被引用
assign1.obj : error LNK2019: 无法解析的外部符号 __imp___glutCreateWindowWithExit，该符号在函数 glutCreateWindow_ATEXIT_HACK 中被引用
assign1.obj : error LNK2019: 无法解析的外部符号 __imp_glutPostRedisplay，该符号在函数 "void __cdecl doIdle(void)" (?doIdle@@YAXXZ) 中被引用
assign1.obj : error LNK2019: 无法解析的外部符号 __imp_glutSwapBuffers，该符号在函数 "void __cdecl display(void)" (?display@@YAXXZ) 中被引用
assign1.obj : error LNK2019: 无法解析的外部符号 __imp___glutCreateMenuWithExit，该符号在函数 glutCreateMenu_ATEXIT_HACK 中被引用
assign1.obj : error LNK2019: 无法解析的外部符号 __imp_glutSetMenu，该符号在函数 main 中被引用
assign1.obj : error LNK2019: 无法解析的外部符号 __imp_glutAddMenuEntry，该符号在函数 main 中被引用
assign1.obj : error LNK2019: 无法解析的外部符号 __imp_glutAttachMenu，该符号在函数 main 中被引用
assign1.obj : error LNK2019: 无法解析的外部符号 __imp_glutDisplayFunc，该符号在函数 main 中被引用
assign1.obj : error LNK2019: 无法解析的外部符号 __imp_glutReshapeFunc，该符号在函数 main 中被引用
assign1.obj : error LNK2019: 无法解析的外部符号 __imp_glutKeyboardFunc，该符号在函数 main 中被引用
assign1.obj : error LNK2019: 无法解析的外部符号 __imp_glutMouseFunc，该符号在函数 main 中被引用
assign1.obj : error LNK2019: 无法解析的外部符号 __imp_glutMotionFunc，该符号在函数 main 中被引用
assign1.obj : error LNK2019: 无法解析的外部符号 __imp_glutPassiveMotionFunc，该符号在函数 main 中被引用
assign1.obj : error LNK2019: 无法解析的外部符号 __imp_glutIdleFunc，该符号在函数 main 中被引用
assign1.obj : error LNK2019: 无法解析的外部符号 __imp_glutGetModifiers，该符号在函数 "void __cdecl mousebutton(int,int,int,int)" (?mousebutton@@YAXHHHH@Z) 中被引用
picLibrary\libjpeg.lib : warning LNK4272: 库计算机类型“x86”与目标计算机类型“x64”冲突
picLibrary\libtiff.lib : warning LNK4272: 库计算机类型“x86”与目标计算机类型“x64”冲突
glut-3.7.6-bin\glut32.lib : warning LNK4272: 库计算机类型“x86”与目标计算机类型“x64”冲突
C:\Users\30504\OneDrive\Desktop\CSCI420\Fall22_assignment1\Fall22_assignment1\assign1_starterCode_windowsVS2017\assign1\x64\Debug\assign1.exe : fatal error LNK1120: 20 个无法解析的外部命令
